Build started 3/30/2016 2:21:26 AM.
     1>Project "C:\Users\arroy_000\Documents\Visual Studio 2013\Projects\Graficas Computacionales\Graficas Computacionales\Paint_Glut\Paint_Glut.vcxproj" on node 2 (Build target(s)).
     1>ClCompile:
         C:\Program Files (x86)\Microsoft Visual Studio 12.0\VC\bin\CL.exe /c /I"C:\Windows\glew\glew-1.11.0\include" /IC:\Windows\freeglut\freeglut\include /ZI /nologo /W3 /WX- /Od /Oy- /D WIN32 /D _DEBUG /D _CONSOLE /D _LIB /D _UNICODE /D UNICODE /Gm /EHsc /RTC1 /MDd /GS /fp:precise /Zc:wchar_t /Zc:forScope /Fo"Debug\\" /Fd"Debug\vc120.pdb" /Gd /TP /analyze- /errorReport:prompt paint_driver.cpp
         paint_driver.cpp
     1>c:\users\arroy_000\documents\visual studio 2013\projects\graficas computacionales\graficas computacionales\paint_glut\paint_driver.cpp(63): warning C4244: 'argument' : conversion from 'double' to 'GLfloat', possible loss of data
     1>c:\users\arroy_000\documents\visual studio 2013\projects\graficas computacionales\graficas computacionales\paint_glut\paint_driver.cpp(86): warning C4244: 'argument' : conversion from 'double' to 'GLfloat', possible loss of data
     1>c:\users\arroy_000\documents\visual studio 2013\projects\graficas computacionales\graficas computacionales\paint_glut\paint_driver.cpp(91): warning C4244: 'argument' : conversion from 'double' to 'GLfloat', possible loss of data
     1>c:\users\arroy_000\documents\visual studio 2013\projects\graficas computacionales\graficas computacionales\paint_glut\paint_driver.cpp(96): warning C4244: 'argument' : conversion from 'double' to 'GLfloat', possible loss of data
     1>c:\users\arroy_000\documents\visual studio 2013\projects\graficas computacionales\graficas computacionales\paint_glut\paint_driver.cpp(107): warning C4244: 'argument' : conversion from 'double' to 'GLfloat', possible loss of data
     1>c:\users\arroy_000\documents\visual studio 2013\projects\graficas computacionales\graficas computacionales\paint_glut\paint_driver.cpp(108): warning C4244: 'argument' : conversion from 'double' to 'GLfloat', possible loss of data
     1>c:\users\arroy_000\documents\visual studio 2013\projects\graficas computacionales\graficas computacionales\paint_glut\paint_driver.cpp(109): warning C4244: 'argument' : conversion from 'double' to 'GLfloat', possible loss of data
     1>c:\users\arroy_000\documents\visual studio 2013\projects\graficas computacionales\graficas computacionales\paint_glut\paint_driver.cpp(143): warning C4244: 'argument' : conversion from 'double' to 'GLfloat', possible loss of data
     1>c:\users\arroy_000\documents\visual studio 2013\projects\graficas computacionales\graficas computacionales\paint_glut\paint_driver.cpp(144): warning C4244: 'argument' : conversion from 'double' to 'GLfloat', possible loss of data
     1>c:\users\arroy_000\documents\visual studio 2013\projects\graficas computacionales\graficas computacionales\paint_glut\paint_driver.cpp(145): warning C4244: 'argument' : conversion from 'double' to 'GLfloat', possible loss of data
     1>c:\users\arroy_000\documents\visual studio 2013\projects\graficas computacionales\graficas computacionales\paint_glut\paint_driver.cpp(146): warning C4244: 'argument' : conversion from 'double' to 'GLfloat', possible loss of data
     1>c:\users\arroy_000\documents\visual studio 2013\projects\graficas computacionales\graficas computacionales\paint_glut\paint_driver.cpp(148): warning C4244: 'argument' : conversion from 'double' to 'GLfloat', possible loss of data
     1>c:\users\arroy_000\documents\visual studio 2013\projects\graficas computacionales\graficas computacionales\paint_glut\paint_driver.cpp(149): warning C4244: 'argument' : conversion from 'double' to 'GLfloat', possible loss of data
     1>c:\users\arroy_000\documents\visual studio 2013\projects\graficas computacionales\graficas computacionales\paint_glut\paint_driver.cpp(150): warning C4244: 'argument' : conversion from 'double' to 'GLfloat', possible loss of data
     1>c:\users\arroy_000\documents\visual studio 2013\projects\graficas computacionales\graficas computacionales\paint_glut\paint_driver.cpp(151): warning C4244: 'argument' : conversion from 'float' to 'GLint', possible loss of data
     1>c:\users\arroy_000\documents\visual studio 2013\projects\graficas computacionales\graficas computacionales\paint_glut\paint_driver.cpp(156): warning C4244: 'argument' : conversion from 'double' to 'GLfloat', possible loss of data
     1>c:\users\arroy_000\documents\visual studio 2013\projects\graficas computacionales\graficas computacionales\paint_glut\paint_driver.cpp(157): warning C4244: 'argument' : conversion from 'double' to 'GLfloat', possible loss of data
     1>c:\users\arroy_000\documents\visual studio 2013\projects\graficas computacionales\graficas computacionales\paint_glut\paint_driver.cpp(158): warning C4244: 'argument' : conversion from 'double' to 'GLfloat', possible loss of data
     1>c:\users\arroy_000\documents\visual studio 2013\projects\graficas computacionales\graficas computacionales\paint_glut\paint_driver.cpp(159): warning C4244: 'argument' : conversion from 'double' to 'GLfloat', possible loss of data
     1>c:\users\arroy_000\documents\visual studio 2013\projects\graficas computacionales\graficas computacionales\paint_glut\paint_driver.cpp(161): warning C4244: 'argument' : conversion from 'double' to 'GLfloat', possible loss of data
     1>c:\users\arroy_000\documents\visual studio 2013\projects\graficas computacionales\graficas computacionales\paint_glut\paint_driver.cpp(162): warning C4244: 'argument' : conversion from 'double' to 'GLfloat', possible loss of data
     1>c:\users\arroy_000\documents\visual studio 2013\projects\graficas computacionales\graficas computacionales\paint_glut\paint_driver.cpp(163): warning C4244: 'argument' : conversion from 'double' to 'GLfloat', possible loss of data
     1>c:\users\arroy_000\documents\visual studio 2013\projects\graficas computacionales\graficas computacionales\paint_glut\paint_driver.cpp(164): warning C4244: 'argument' : conversion from 'float' to 'GLint', possible loss of data
     1>c:\users\arroy_000\documents\visual studio 2013\projects\graficas computacionales\graficas computacionales\paint_glut\paint_driver.cpp(169): warning C4244: 'argument' : conversion from 'double' to 'GLfloat', possible loss of data
     1>c:\users\arroy_000\documents\visual studio 2013\projects\graficas computacionales\graficas computacionales\paint_glut\paint_driver.cpp(170): warning C4244: 'argument' : conversion from 'double' to 'GLfloat', possible loss of data
     1>c:\users\arroy_000\documents\visual studio 2013\projects\graficas computacionales\graficas computacionales\paint_glut\paint_driver.cpp(171): warning C4244: 'argument' : conversion from 'double' to 'GLfloat', possible loss of data
     1>c:\users\arroy_000\documents\visual studio 2013\projects\graficas computacionales\graficas computacionales\paint_glut\paint_driver.cpp(172): warning C4244: 'argument' : conversion from 'double' to 'GLfloat', possible loss of data
     1>c:\users\arroy_000\documents\visual studio 2013\projects\graficas computacionales\graficas computacionales\paint_glut\paint_driver.cpp(174): warning C4244: 'argument' : conversion from 'double' to 'GLfloat', possible loss of data
     1>c:\users\arroy_000\documents\visual studio 2013\projects\graficas computacionales\graficas computacionales\paint_glut\paint_driver.cpp(175): warning C4244: 'argument' : conversion from 'double' to 'GLfloat', possible loss of data
     1>c:\users\arroy_000\documents\visual studio 2013\projects\graficas computacionales\graficas computacionales\paint_glut\paint_driver.cpp(176): warning C4244: 'argument' : conversion from 'double' to 'GLfloat', possible loss of data
     1>c:\users\arroy_000\documents\visual studio 2013\projects\graficas computacionales\graficas computacionales\paint_glut\paint_driver.cpp(177): warning C4244: 'argument' : conversion from 'float' to 'GLint', possible loss of data
     1>c:\users\arroy_000\documents\visual studio 2013\projects\graficas computacionales\graficas computacionales\paint_glut\paint_driver.cpp(182): warning C4244: 'argument' : conversion from 'double' to 'GLfloat', possible loss of data
     1>c:\users\arroy_000\documents\visual studio 2013\projects\graficas computacionales\graficas computacionales\paint_glut\paint_driver.cpp(183): warning C4244: 'argument' : conversion from 'double' to 'GLfloat', possible loss of data
     1>c:\users\arroy_000\documents\visual studio 2013\projects\graficas computacionales\graficas computacionales\paint_glut\paint_driver.cpp(184): warning C4244: 'argument' : conversion from 'double' to 'GLfloat', possible loss of data
     1>c:\users\arroy_000\documents\visual studio 2013\projects\graficas computacionales\graficas computacionales\paint_glut\paint_driver.cpp(185): warning C4244: 'argument' : conversion from 'double' to 'GLfloat', possible loss of data
     1>c:\users\arroy_000\documents\visual studio 2013\projects\graficas computacionales\graficas computacionales\paint_glut\paint_driver.cpp(187): warning C4244: 'argument' : conversion from 'double' to 'GLfloat', possible loss of data
     1>c:\users\arroy_000\documents\visual studio 2013\projects\graficas computacionales\graficas computacionales\paint_glut\paint_driver.cpp(188): warning C4244: 'argument' : conversion from 'double' to 'GLfloat', possible loss of data
     1>c:\users\arroy_000\documents\visual studio 2013\projects\graficas computacionales\graficas computacionales\paint_glut\paint_driver.cpp(189): warning C4244: 'argument' : conversion from 'double' to 'GLfloat', possible loss of data
     1>c:\users\arroy_000\documents\visual studio 2013\projects\graficas computacionales\graficas computacionales\paint_glut\paint_driver.cpp(190): warning C4244: 'argument' : conversion from 'float' to 'GLint', possible loss of data
     1>c:\users\arroy_000\documents\visual studio 2013\projects\graficas computacionales\graficas computacionales\paint_glut\paint_driver.cpp(195): warning C4244: 'argument' : conversion from 'double' to 'GLfloat', possible loss of data
     1>c:\users\arroy_000\documents\visual studio 2013\projects\graficas computacionales\graficas computacionales\paint_glut\paint_driver.cpp(196): warning C4244: 'argument' : conversion from 'double' to 'GLfloat', possible loss of data
     1>c:\users\arroy_000\documents\visual studio 2013\projects\graficas computacionales\graficas computacionales\paint_glut\paint_driver.cpp(197): warning C4244: 'argument' : conversion from 'double' to 'GLfloat', possible loss of data
     1>c:\users\arroy_000\documents\visual studio 2013\projects\graficas computacionales\graficas computacionales\paint_glut\paint_driver.cpp(198): warning C4244: 'argument' : conversion from 'double' to 'GLfloat', possible loss of data
     1>c:\users\arroy_000\documents\visual studio 2013\projects\graficas computacionales\graficas computacionales\paint_glut\paint_driver.cpp(200): warning C4244: 'argument' : conversion from 'double' to 'GLfloat', possible loss of data
     1>c:\users\arroy_000\documents\visual studio 2013\projects\graficas computacionales\graficas computacionales\paint_glut\paint_driver.cpp(201): warning C4244: 'argument' : conversion from 'double' to 'GLfloat', possible loss of data
     1>c:\users\arroy_000\documents\visual studio 2013\projects\graficas computacionales\graficas computacionales\paint_glut\paint_driver.cpp(202): warning C4244: 'argument' : conversion from 'double' to 'GLfloat', possible loss of data
     1>c:\users\arroy_000\documents\visual studio 2013\projects\graficas computacionales\graficas computacionales\paint_glut\paint_driver.cpp(208): warning C4244: 'argument' : conversion from 'double' to 'GLfloat', possible loss of data
     1>c:\users\arroy_000\documents\visual studio 2013\projects\graficas computacionales\graficas computacionales\paint_glut\paint_driver.cpp(209): warning C4244: 'argument' : conversion from 'double' to 'GLfloat', possible loss of data
     1>c:\users\arroy_000\documents\visual studio 2013\projects\graficas computacionales\graficas computacionales\paint_glut\paint_driver.cpp(210): warning C4244: 'argument' : conversion from 'double' to 'GLfloat', possible loss of data
     1>c:\users\arroy_000\documents\visual studio 2013\projects\graficas computacionales\graficas computacionales\paint_glut\paint_driver.cpp(211): warning C4244: 'argument' : conversion from 'double' to 'GLfloat', possible loss of data
     1>c:\users\arroy_000\documents\visual studio 2013\projects\graficas computacionales\graficas computacionales\paint_glut\paint_driver.cpp(213): warning C4244: 'argument' : conversion from 'double' to 'GLfloat', possible loss of data
     1>c:\users\arroy_000\documents\visual studio 2013\projects\graficas computacionales\graficas computacionales\paint_glut\paint_driver.cpp(214): warning C4244: 'argument' : conversion from 'double' to 'GLfloat', possible loss of data
     1>c:\users\arroy_000\documents\visual studio 2013\projects\graficas computacionales\graficas computacionales\paint_glut\paint_driver.cpp(215): warning C4244: 'argument' : conversion from 'double' to 'GLfloat', possible loss of data
     1>c:\users\arroy_000\documents\visual studio 2013\projects\graficas computacionales\graficas computacionales\paint_glut\paint_driver.cpp(221): warning C4244: 'argument' : conversion from 'double' to 'GLfloat', possible loss of data
     1>c:\users\arroy_000\documents\visual studio 2013\projects\graficas computacionales\graficas computacionales\paint_glut\paint_driver.cpp(222): warning C4244: 'argument' : conversion from 'double' to 'GLfloat', possible loss of data
     1>c:\users\arroy_000\documents\visual studio 2013\projects\graficas computacionales\graficas computacionales\paint_glut\paint_driver.cpp(223): warning C4244: 'argument' : conversion from 'double' to 'GLfloat', possible loss of data
     1>c:\users\arroy_000\documents\visual studio 2013\projects\graficas computacionales\graficas computacionales\paint_glut\paint_driver.cpp(224): warning C4244: 'argument' : conversion from 'double' to 'GLfloat', possible loss of data
     1>c:\users\arroy_000\documents\visual studio 2013\projects\graficas computacionales\graficas computacionales\paint_glut\paint_driver.cpp(226): warning C4244: 'argument' : conversion from 'double' to 'GLfloat', possible loss of data
     1>c:\users\arroy_000\documents\visual studio 2013\projects\graficas computacionales\graficas computacionales\paint_glut\paint_driver.cpp(227): warning C4244: 'argument' : conversion from 'double' to 'GLfloat', possible loss of data
     1>c:\users\arroy_000\documents\visual studio 2013\projects\graficas computacionales\graficas computacionales\paint_glut\paint_driver.cpp(228): warning C4244: 'argument' : conversion from 'double' to 'GLfloat', possible loss of data
     1>c:\users\arroy_000\documents\visual studio 2013\projects\graficas computacionales\graficas computacionales\paint_glut\paint_driver.cpp(229): warning C4244: 'argument' : conversion from 'float' to 'GLint', possible loss of data
     1>c:\users\arroy_000\documents\visual studio 2013\projects\graficas computacionales\graficas computacionales\paint_glut\paint_driver.cpp(234): warning C4244: 'argument' : conversion from 'double' to 'GLfloat', possible loss of data
     1>c:\users\arroy_000\documents\visual studio 2013\projects\graficas computacionales\graficas computacionales\paint_glut\paint_driver.cpp(235): warning C4244: 'argument' : conversion from 'double' to 'GLfloat', possible loss of data
     1>c:\users\arroy_000\documents\visual studio 2013\projects\graficas computacionales\graficas computacionales\paint_glut\paint_driver.cpp(236): warning C4244: 'argument' : conversion from 'double' to 'GLfloat', possible loss of data
     1>c:\users\arroy_000\documents\visual studio 2013\projects\graficas computacionales\graficas computacionales\paint_glut\paint_driver.cpp(237): warning C4244: 'argument' : conversion from 'double' to 'GLfloat', possible loss of data
     1>c:\users\arroy_000\documents\visual studio 2013\projects\graficas computacionales\graficas computacionales\paint_glut\paint_driver.cpp(239): warning C4244: 'argument' : conversion from 'double' to 'GLfloat', possible loss of data
     1>c:\users\arroy_000\documents\visual studio 2013\projects\graficas computacionales\graficas computacionales\paint_glut\paint_driver.cpp(240): warning C4244: 'argument' : conversion from 'double' to 'GLfloat', possible loss of data
     1>c:\users\arroy_000\documents\visual studio 2013\projects\graficas computacionales\graficas computacionales\paint_glut\paint_driver.cpp(241): warning C4244: 'argument' : conversion from 'double' to 'GLfloat', possible loss of data
     1>c:\users\arroy_000\documents\visual studio 2013\projects\graficas computacionales\graficas computacionales\paint_glut\paint_driver.cpp(242): warning C4244: 'argument' : conversion from 'float' to 'GLint', possible loss of data
     1>c:\users\arroy_000\documents\visual studio 2013\projects\graficas computacionales\graficas computacionales\paint_glut\paint_driver.cpp(247): warning C4244: 'argument' : conversion from 'double' to 'GLfloat', possible loss of data
     1>c:\users\arroy_000\documents\visual studio 2013\projects\graficas computacionales\graficas computacionales\paint_glut\paint_driver.cpp(248): warning C4244: 'argument' : conversion from 'double' to 'GLfloat', possible loss of data
     1>c:\users\arroy_000\documents\visual studio 2013\projects\graficas computacionales\graficas computacionales\paint_glut\paint_driver.cpp(249): warning C4244: 'argument' : conversion from 'double' to 'GLfloat', possible loss of data
     1>c:\users\arroy_000\documents\visual studio 2013\projects\graficas computacionales\graficas computacionales\paint_glut\paint_driver.cpp(250): warning C4244: 'argument' : conversion from 'double' to 'GLfloat', possible loss of data
     1>c:\users\arroy_000\documents\visual studio 2013\projects\graficas computacionales\graficas computacionales\paint_glut\paint_driver.cpp(252): warning C4244: 'argument' : conversion from 'double' to 'GLfloat', possible loss of data
     1>c:\users\arroy_000\documents\visual studio 2013\projects\graficas computacionales\graficas computacionales\paint_glut\paint_driver.cpp(253): warning C4244: 'argument' : conversion from 'double' to 'GLfloat', possible loss of data
     1>c:\users\arroy_000\documents\visual studio 2013\projects\graficas computacionales\graficas computacionales\paint_glut\paint_driver.cpp(254): warning C4244: 'argument' : conversion from 'double' to 'GLfloat', possible loss of data
     1>c:\users\arroy_000\documents\visual studio 2013\projects\graficas computacionales\graficas computacionales\paint_glut\paint_driver.cpp(260): warning C4244: 'argument' : conversion from 'double' to 'GLfloat', possible loss of data
     1>c:\users\arroy_000\documents\visual studio 2013\projects\graficas computacionales\graficas computacionales\paint_glut\paint_driver.cpp(261): warning C4244: 'argument' : conversion from 'double' to 'GLfloat', possible loss of data
     1>c:\users\arroy_000\documents\visual studio 2013\projects\graficas computacionales\graficas computacionales\paint_glut\paint_driver.cpp(262): warning C4244: 'argument' : conversion from 'double' to 'GLfloat', possible loss of data
     1>c:\users\arroy_000\documents\visual studio 2013\projects\graficas computacionales\graficas computacionales\paint_glut\paint_driver.cpp(263): warning C4244: 'argument' : conversion from 'double' to 'GLfloat', possible loss of data
     1>c:\users\arroy_000\documents\visual studio 2013\projects\graficas computacionales\graficas computacionales\paint_glut\paint_driver.cpp(265): warning C4244: 'argument' : conversion from 'double' to 'GLfloat', possible loss of data
     1>c:\users\arroy_000\documents\visual studio 2013\projects\graficas computacionales\graficas computacionales\paint_glut\paint_driver.cpp(266): warning C4244: 'argument' : conversion from 'double' to 'GLfloat', possible loss of data
     1>c:\users\arroy_000\documents\visual studio 2013\projects\graficas computacionales\graficas computacionales\paint_glut\paint_driver.cpp(267): warning C4244: 'argument' : conversion from 'double' to 'GLfloat', possible loss of data
     1>c:\users\arroy_000\documents\visual studio 2013\projects\graficas computacionales\graficas computacionales\paint_glut\paint_driver.cpp(273): warning C4244: 'argument' : conversion from 'double' to 'GLfloat', possible loss of data
     1>c:\users\arroy_000\documents\visual studio 2013\projects\graficas computacionales\graficas computacionales\paint_glut\paint_driver.cpp(274): warning C4244: 'argument' : conversion from 'double' to 'GLfloat', possible loss of data
     1>c:\users\arroy_000\documents\visual studio 2013\projects\graficas computacionales\graficas computacionales\paint_glut\paint_driver.cpp(275): warning C4244: 'argument' : conversion from 'double' to 'GLfloat', possible loss of data
     1>c:\users\arroy_000\documents\visual studio 2013\projects\graficas computacionales\graficas computacionales\paint_glut\paint_driver.cpp(276): warning C4244: 'argument' : conversion from 'double' to 'GLfloat', possible loss of data
     1>c:\users\arroy_000\documents\visual studio 2013\projects\graficas computacionales\graficas computacionales\paint_glut\paint_driver.cpp(278): warning C4244: 'argument' : conversion from 'double' to 'GLfloat', possible loss of data
     1>c:\users\arroy_000\documents\visual studio 2013\projects\graficas computacionales\graficas computacionales\paint_glut\paint_driver.cpp(279): warning C4244: 'argument' : conversion from 'double' to 'GLfloat', possible loss of data
     1>c:\users\arroy_000\documents\visual studio 2013\projects\graficas computacionales\graficas computacionales\paint_glut\paint_driver.cpp(280): warning C4244: 'argument' : conversion from 'double' to 'GLfloat', possible loss of data
     1>c:\users\arroy_000\documents\visual studio 2013\projects\graficas computacionales\graficas computacionales\paint_glut\paint_driver.cpp(286): warning C4244: 'argument' : conversion from 'double' to 'GLfloat', possible loss of data
     1>c:\users\arroy_000\documents\visual studio 2013\projects\graficas computacionales\graficas computacionales\paint_glut\paint_driver.cpp(287): warning C4244: 'argument' : conversion from 'double' to 'GLfloat', possible loss of data
     1>c:\users\arroy_000\documents\visual studio 2013\projects\graficas computacionales\graficas computacionales\paint_glut\paint_driver.cpp(288): warning C4244: 'argument' : conversion from 'double' to 'GLfloat', possible loss of data
     1>c:\users\arroy_000\documents\visual studio 2013\projects\graficas computacionales\graficas computacionales\paint_glut\paint_driver.cpp(289): warning C4244: 'argument' : conversion from 'double' to 'GLfloat', possible loss of data
     1>c:\users\arroy_000\documents\visual studio 2013\projects\graficas computacionales\graficas computacionales\paint_glut\paint_driver.cpp(291): warning C4244: 'argument' : conversion from 'double' to 'GLfloat', possible loss of data
     1>c:\users\arroy_000\documents\visual studio 2013\projects\graficas computacionales\graficas computacionales\paint_glut\paint_driver.cpp(292): warning C4244: 'argument' : conversion from 'double' to 'GLfloat', possible loss of data
     1>c:\users\arroy_000\documents\visual studio 2013\projects\graficas computacionales\graficas computacionales\paint_glut\paint_driver.cpp(293): warning C4244: 'argument' : conversion from 'double' to 'GLfloat', possible loss of data
     1>c:\users\arroy_000\documents\visual studio 2013\projects\graficas computacionales\graficas computacionales\paint_glut\paint_driver.cpp(299): warning C4244: 'argument' : conversion from 'double' to 'GLfloat', possible loss of data
     1>c:\users\arroy_000\documents\visual studio 2013\projects\graficas computacionales\graficas computacionales\paint_glut\paint_driver.cpp(300): warning C4244: 'argument' : conversion from 'double' to 'GLfloat', possible loss of data
     1>c:\users\arroy_000\documents\visual studio 2013\projects\graficas computacionales\graficas computacionales\paint_glut\paint_driver.cpp(301): warning C4244: 'argument' : conversion from 'double' to 'GLfloat', possible loss of data
     1>c:\users\arroy_000\documents\visual studio 2013\projects\graficas computacionales\graficas computacionales\paint_glut\paint_driver.cpp(302): warning C4244: 'argument' : conversion from 'double' to 'GLfloat', possible loss of data
     1>c:\users\arroy_000\documents\visual studio 2013\projects\graficas computacionales\graficas computacionales\paint_glut\paint_driver.cpp(304): warning C4244: 'argument' : conversion from 'double' to 'GLfloat', possible loss of data
     1>c:\users\arroy_000\documents\visual studio 2013\projects\graficas computacionales\graficas computacionales\paint_glut\paint_driver.cpp(305): warning C4244: 'argument' : conversion from 'double' to 'GLfloat', possible loss of data
     1>c:\users\arroy_000\documents\visual studio 2013\projects\graficas computacionales\graficas computacionales\paint_glut\paint_driver.cpp(306): warning C4244: 'argument' : conversion from 'double' to 'GLfloat', possible loss of data
     1>c:\users\arroy_000\documents\visual studio 2013\projects\graficas computacionales\graficas computacionales\paint_glut\paint_driver.cpp(312): warning C4244: 'argument' : conversion from 'double' to 'GLfloat', possible loss of data
     1>c:\users\arroy_000\documents\visual studio 2013\projects\graficas computacionales\graficas computacionales\paint_glut\paint_driver.cpp(313): warning C4244: 'argument' : conversion from 'double' to 'GLfloat', possible loss of data
     1>c:\users\arroy_000\documents\visual studio 2013\projects\graficas computacionales\graficas computacionales\paint_glut\paint_driver.cpp(314): warning C4244: 'argument' : conversion from 'double' to 'GLfloat', possible loss of data
     1>c:\users\arroy_000\documents\visual studio 2013\projects\graficas computacionales\graficas computacionales\paint_glut\paint_driver.cpp(315): warning C4244: 'argument' : conversion from 'double' to 'GLfloat', possible loss of data
     1>c:\users\arroy_000\documents\visual studio 2013\projects\graficas computacionales\graficas computacionales\paint_glut\paint_driver.cpp(317): warning C4244: 'argument' : conversion from 'double' to 'GLfloat', possible loss of data
     1>c:\users\arroy_000\documents\visual studio 2013\projects\graficas computacionales\graficas computacionales\paint_glut\paint_driver.cpp(318): warning C4244: 'argument' : conversion from 'double' to 'GLfloat', possible loss of data
     1>c:\users\arroy_000\documents\visual studio 2013\projects\graficas computacionales\graficas computacionales\paint_glut\paint_driver.cpp(319): warning C4244: 'argument' : conversion from 'double' to 'GLfloat', possible loss of data
     1>c:\users\arroy_000\documents\visual studio 2013\projects\graficas computacionales\graficas computacionales\paint_glut\paint_driver.cpp(325): warning C4244: 'argument' : conversion from 'double' to 'GLfloat', possible loss of data
     1>c:\users\arroy_000\documents\visual studio 2013\projects\graficas computacionales\graficas computacionales\paint_glut\paint_driver.cpp(326): warning C4244: 'argument' : conversion from 'double' to 'GLfloat', possible loss of data
     1>c:\users\arroy_000\documents\visual studio 2013\projects\graficas computacionales\graficas computacionales\paint_glut\paint_driver.cpp(327): warning C4244: 'argument' : conversion from 'double' to 'GLfloat', possible loss of data
     1>c:\users\arroy_000\documents\visual studio 2013\projects\graficas computacionales\graficas computacionales\paint_glut\paint_driver.cpp(328): warning C4244: 'argument' : conversion from 'double' to 'GLfloat', possible loss of data
     1>c:\users\arroy_000\documents\visual studio 2013\projects\graficas computacionales\graficas computacionales\paint_glut\paint_driver.cpp(330): warning C4244: 'argument' : conversion from 'double' to 'GLfloat', possible loss of data
     1>c:\users\arroy_000\documents\visual studio 2013\projects\graficas computacionales\graficas computacionales\paint_glut\paint_driver.cpp(331): warning C4244: 'argument' : conversion from 'double' to 'GLfloat', possible loss of data
     1>c:\users\arroy_000\documents\visual studio 2013\projects\graficas computacionales\graficas computacionales\paint_glut\paint_driver.cpp(332): warning C4244: 'argument' : conversion from 'double' to 'GLfloat', possible loss of data
     1>c:\users\arroy_000\documents\visual studio 2013\projects\graficas computacionales\graficas computacionales\paint_glut\paint_driver.cpp(338): warning C4244: 'argument' : conversion from 'double' to 'GLfloat', possible loss of data
     1>c:\users\arroy_000\documents\visual studio 2013\projects\graficas computacionales\graficas computacionales\paint_glut\paint_driver.cpp(339): warning C4244: 'argument' : conversion from 'double' to 'GLfloat', possible loss of data
     1>c:\users\arroy_000\documents\visual studio 2013\projects\graficas computacionales\graficas computacionales\paint_glut\paint_driver.cpp(340): warning C4244: 'argument' : conversion from 'double' to 'GLfloat', possible loss of data
     1>c:\users\arroy_000\documents\visual studio 2013\projects\graficas computacionales\graficas computacionales\paint_glut\paint_driver.cpp(341): warning C4244: 'argument' : conversion from 'double' to 'GLfloat', possible loss of data
     1>c:\users\arroy_000\documents\visual studio 2013\projects\graficas computacionales\graficas computacionales\paint_glut\paint_driver.cpp(343): warning C4244: 'argument' : conversion from 'double' to 'GLfloat', possible loss of data
     1>c:\users\arroy_000\documents\visual studio 2013\projects\graficas computacionales\graficas computacionales\paint_glut\paint_driver.cpp(344): warning C4244: 'argument' : conversion from 'double' to 'GLfloat', possible loss of data
     1>c:\users\arroy_000\documents\visual studio 2013\projects\graficas computacionales\graficas computacionales\paint_glut\paint_driver.cpp(345): warning C4244: 'argument' : conversion from 'double' to 'GLfloat', possible loss of data
     1>c:\users\arroy_000\documents\visual studio 2013\projects\graficas computacionales\graficas computacionales\paint_glut\paint_driver.cpp(351): warning C4244: 'argument' : conversion from 'double' to 'GLfloat', possible loss of data
     1>c:\users\arroy_000\documents\visual studio 2013\projects\graficas computacionales\graficas computacionales\paint_glut\paint_driver.cpp(352): warning C4244: 'argument' : conversion from 'double' to 'GLfloat', possible loss of data
     1>c:\users\arroy_000\documents\visual studio 2013\projects\graficas computacionales\graficas computacionales\paint_glut\paint_driver.cpp(353): warning C4244: 'argument' : conversion from 'double' to 'GLfloat', possible loss of data
     1>c:\users\arroy_000\documents\visual studio 2013\projects\graficas computacionales\graficas computacionales\paint_glut\paint_driver.cpp(354): warning C4244: 'argument' : conversion from 'double' to 'GLfloat', possible loss of data
     1>c:\users\arroy_000\documents\visual studio 2013\projects\graficas computacionales\graficas computacionales\paint_glut\paint_driver.cpp(356): warning C4244: 'argument' : conversion from 'double' to 'GLfloat', possible loss of data
     1>c:\users\arroy_000\documents\visual studio 2013\projects\graficas computacionales\graficas computacionales\paint_glut\paint_driver.cpp(357): warning C4244: 'argument' : conversion from 'double' to 'GLfloat', possible loss of data
     1>c:\users\arroy_000\documents\visual studio 2013\projects\graficas computacionales\graficas computacionales\paint_glut\paint_driver.cpp(358): warning C4244: 'argument' : conversion from 'double' to 'GLfloat', possible loss of data
     1>c:\users\arroy_000\documents\visual studio 2013\projects\graficas computacionales\graficas computacionales\paint_glut\paint_driver.cpp(364): warning C4244: 'argument' : conversion from 'double' to 'GLfloat', possible loss of data
     1>c:\users\arroy_000\documents\visual studio 2013\projects\graficas computacionales\graficas computacionales\paint_glut\paint_driver.cpp(365): warning C4244: 'argument' : conversion from 'double' to 'GLfloat', possible loss of data
     1>c:\users\arroy_000\documents\visual studio 2013\projects\graficas computacionales\graficas computacionales\paint_glut\paint_driver.cpp(366): warning C4244: 'argument' : conversion from 'double' to 'GLfloat', possible loss of data
     1>c:\users\arroy_000\documents\visual studio 2013\projects\graficas computacionales\graficas computacionales\paint_glut\paint_driver.cpp(367): warning C4244: 'argument' : conversion from 'double' to 'GLfloat', possible loss of data
     1>c:\users\arroy_000\documents\visual studio 2013\projects\graficas computacionales\graficas computacionales\paint_glut\paint_driver.cpp(369): warning C4244: 'argument' : conversion from 'double' to 'GLfloat', possible loss of data
     1>c:\users\arroy_000\documents\visual studio 2013\projects\graficas computacionales\graficas computacionales\paint_glut\paint_driver.cpp(370): warning C4244: 'argument' : conversion from 'double' to 'GLfloat', possible loss of data
     1>c:\users\arroy_000\documents\visual studio 2013\projects\graficas computacionales\graficas computacionales\paint_glut\paint_driver.cpp(371): warning C4244: 'argument' : conversion from 'double' to 'GLfloat', possible loss of data
     1>c:\users\arroy_000\documents\visual studio 2013\projects\graficas computacionales\graficas computacionales\paint_glut\paint_driver.cpp(377): warning C4244: 'argument' : conversion from 'double' to 'GLfloat', possible loss of data
     1>c:\users\arroy_000\documents\visual studio 2013\projects\graficas computacionales\graficas computacionales\paint_glut\paint_driver.cpp(378): warning C4244: 'argument' : conversion from 'double' to 'GLfloat', possible loss of data
     1>c:\users\arroy_000\documents\visual studio 2013\projects\graficas computacionales\graficas computacionales\paint_glut\paint_driver.cpp(379): warning C4244: 'argument' : conversion from 'double' to 'GLfloat', possible loss of data
     1>c:\users\arroy_000\documents\visual studio 2013\projects\graficas computacionales\graficas computacionales\paint_glut\paint_driver.cpp(380): warning C4244: 'argument' : conversion from 'double' to 'GLfloat', possible loss of data
     1>c:\users\arroy_000\documents\visual studio 2013\projects\graficas computacionales\graficas computacionales\paint_glut\paint_driver.cpp(381): warning C4244: 'argument' : conversion from 'float' to 'GLint', possible loss of data
     1>c:\users\arroy_000\documents\visual studio 2013\projects\graficas computacionales\graficas computacionales\paint_glut\paint_driver.cpp(383): warning C4244: 'argument' : conversion from 'double' to 'GLfloat', possible loss of data
     1>c:\users\arroy_000\documents\visual studio 2013\projects\graficas computacionales\graficas computacionales\paint_glut\paint_driver.cpp(384): warning C4244: 'argument' : conversion from 'double' to 'GLfloat', possible loss of data
     1>c:\users\arroy_000\documents\visual studio 2013\projects\graficas computacionales\graficas computacionales\paint_glut\paint_driver.cpp(385): warning C4244: 'argument' : conversion from 'double' to 'GLfloat', possible loss of data
     1>c:\users\arroy_000\documents\visual studio 2013\projects\graficas computacionales\graficas computacionales\paint_glut\paint_driver.cpp(390): warning C4244: 'argument' : conversion from 'double' to 'GLfloat', possible loss of data
     1>c:\users\arroy_000\documents\visual studio 2013\projects\graficas computacionales\graficas computacionales\paint_glut\paint_driver.cpp(391): warning C4244: 'argument' : conversion from 'double' to 'GLfloat', possible loss of data
     1>c:\users\arroy_000\documents\visual studio 2013\projects\graficas computacionales\graficas computacionales\paint_glut\paint_driver.cpp(392): warning C4244: 'argument' : conversion from 'double' to 'GLfloat', possible loss of data
     1>c:\users\arroy_000\documents\visual studio 2013\projects\graficas computacionales\graficas computacionales\paint_glut\paint_driver.cpp(393): warning C4244: 'argument' : conversion from 'double' to 'GLfloat', possible loss of data
     1>c:\users\arroy_000\documents\visual studio 2013\projects\graficas computacionales\graficas computacionales\paint_glut\paint_driver.cpp(394): warning C4244: 'argument' : conversion from 'float' to 'GLint', possible loss of data
     1>c:\users\arroy_000\documents\visual studio 2013\projects\graficas computacionales\graficas computacionales\paint_glut\paint_driver.cpp(396): warning C4244: 'argument' : conversion from 'double' to 'GLfloat', possible loss of data
     1>c:\users\arroy_000\documents\visual studio 2013\projects\graficas computacionales\graficas computacionales\paint_glut\paint_driver.cpp(397): warning C4244: 'argument' : conversion from 'double' to 'GLfloat', possible loss of data
     1>c:\users\arroy_000\documents\visual studio 2013\projects\graficas computacionales\graficas computacionales\paint_glut\paint_driver.cpp(398): warning C4244: 'argument' : conversion from 'double' to 'GLfloat', possible loss of data
     1>c:\users\arroy_000\documents\visual studio 2013\projects\graficas computacionales\graficas computacionales\paint_glut\paint_driver.cpp(403): warning C4244: 'argument' : conversion from 'double' to 'GLfloat', possible loss of data
     1>c:\users\arroy_000\documents\visual studio 2013\projects\graficas computacionales\graficas computacionales\paint_glut\paint_driver.cpp(404): warning C4244: 'argument' : conversion from 'double' to 'GLfloat', possible loss of data
     1>c:\users\arroy_000\documents\visual studio 2013\projects\graficas computacionales\graficas computacionales\paint_glut\paint_driver.cpp(405): warning C4244: 'argument' : conversion from 'double' to 'GLfloat', possible loss of data
     1>c:\users\arroy_000\documents\visual studio 2013\projects\graficas computacionales\graficas computacionales\paint_glut\paint_driver.cpp(406): warning C4244: 'argument' : conversion from 'double' to 'GLfloat', possible loss of data
     1>c:\users\arroy_000\documents\visual studio 2013\projects\graficas computacionales\graficas computacionales\paint_glut\paint_driver.cpp(408): warning C4244: 'argument' : conversion from 'double' to 'GLfloat', possible loss of data
     1>c:\users\arroy_000\documents\visual studio 2013\projects\graficas computacionales\graficas computacionales\paint_glut\paint_driver.cpp(409): warning C4244: 'argument' : conversion from 'double' to 'GLfloat', possible loss of data
     1>c:\users\arroy_000\documents\visual studio 2013\projects\graficas computacionales\graficas computacionales\paint_glut\paint_driver.cpp(410): warning C4244: 'argument' : conversion from 'double' to 'GLfloat', possible loss of data
     1>c:\users\arroy_000\documents\visual studio 2013\projects\graficas computacionales\graficas computacionales\paint_glut\paint_driver.cpp(415): warning C4244: 'argument' : conversion from 'float' to 'GLint', possible loss of data
     1>c:\users\arroy_000\documents\visual studio 2013\projects\graficas computacionales\graficas computacionales\paint_glut\paint_driver.cpp(421): warning C4244: 'argument' : conversion from 'double' to 'GLfloat', possible loss of data
     1>c:\users\arroy_000\documents\visual studio 2013\projects\graficas computacionales\graficas computacionales\paint_glut\paint_driver.cpp(422): warning C4244: 'argument' : conversion from 'double' to 'GLfloat', possible loss of data
     1>c:\users\arroy_000\documents\visual studio 2013\projects\graficas computacionales\graficas computacionales\paint_glut\paint_driver.cpp(423): warning C4244: 'argument' : conversion from 'double' to 'GLfloat', possible loss of data
     1>c:\users\arroy_000\documents\visual studio 2013\projects\graficas computacionales\graficas computacionales\paint_glut\paint_driver.cpp(424): warning C4244: 'argument' : conversion from 'double' to 'GLfloat', possible loss of data
     1>c:\users\arroy_000\documents\visual studio 2013\projects\graficas computacionales\graficas computacionales\paint_glut\paint_driver.cpp(426): warning C4244: 'argument' : conversion from 'double' to 'GLfloat', possible loss of data
     1>c:\users\arroy_000\documents\visual studio 2013\projects\graficas computacionales\graficas computacionales\paint_glut\paint_driver.cpp(427): warning C4244: 'argument' : conversion from 'double' to 'GLfloat', possible loss of data
     1>c:\users\arroy_000\documents\visual studio 2013\projects\graficas computacionales\graficas computacionales\paint_glut\paint_driver.cpp(428): warning C4244: 'argument' : conversion from 'double' to 'GLfloat', possible loss of data
     1>c:\users\arroy_000\documents\visual studio 2013\projects\graficas computacionales\graficas computacionales\paint_glut\paint_driver.cpp(433): warning C4244: 'argument' : conversion from 'float' to 'GLint', possible loss of data
     1>c:\users\arroy_000\documents\visual studio 2013\projects\graficas computacionales\graficas computacionales\paint_glut\paint_driver.cpp(439): warning C4244: 'argument' : conversion from 'double' to 'GLfloat', possible loss of data
     1>c:\users\arroy_000\documents\visual studio 2013\projects\graficas computacionales\graficas computacionales\paint_glut\paint_driver.cpp(440): warning C4244: 'argument' : conversion from 'double' to 'GLfloat', possible loss of data
     1>c:\users\arroy_000\documents\visual studio 2013\projects\graficas computacionales\graficas computacionales\paint_glut\paint_driver.cpp(441): warning C4244: 'argument' : conversion from 'double' to 'GLfloat', possible loss of data
     1>c:\users\arroy_000\documents\visual studio 2013\projects\graficas computacionales\graficas computacionales\paint_glut\paint_driver.cpp(442): warning C4244: 'argument' : conversion from 'double' to 'GLfloat', possible loss of data
     1>c:\users\arroy_000\documents\visual studio 2013\projects\graficas computacionales\graficas computacionales\paint_glut\paint_driver.cpp(444): warning C4244: 'argument' : conversion from 'double' to 'GLfloat', possible loss of data
     1>c:\users\arroy_000\documents\visual studio 2013\projects\graficas computacionales\graficas computacionales\paint_glut\paint_driver.cpp(445): warning C4244: 'argument' : conversion from 'double' to 'GLfloat', possible loss of data
     1>c:\users\arroy_000\documents\visual studio 2013\projects\graficas computacionales\graficas computacionales\paint_glut\paint_driver.cpp(446): warning C4244: 'argument' : conversion from 'double' to 'GLfloat', possible loss of data
     1>c:\users\arroy_000\documents\visual studio 2013\projects\graficas computacionales\graficas computacionales\paint_glut\paint_driver.cpp(454): warning C4244: 'argument' : conversion from 'double' to 'GLfloat', possible loss of data
     1>c:\users\arroy_000\documents\visual studio 2013\projects\graficas computacionales\graficas computacionales\paint_glut\paint_driver.cpp(455): warning C4244: 'argument' : conversion from 'double' to 'GLfloat', possible loss of data
     1>c:\users\arroy_000\documents\visual studio 2013\projects\graficas computacionales\graficas computacionales\paint_glut\paint_driver.cpp(456): warning C4244: 'argument' : conversion from 'double' to 'GLfloat', possible loss of data
     1>c:\users\arroy_000\documents\visual studio 2013\projects\graficas computacionales\graficas computacionales\paint_glut\paint_driver.cpp(457): warning C4244: 'argument' : conversion from 'double' to 'GLfloat', possible loss of data
     1>c:\users\arroy_000\documents\visual studio 2013\projects\graficas computacionales\graficas computacionales\paint_glut\paint_driver.cpp(459): warning C4244: 'argument' : conversion from 'double' to 'GLfloat', possible loss of data
     1>c:\users\arroy_000\documents\visual studio 2013\projects\graficas computacionales\graficas computacionales\paint_glut\paint_driver.cpp(460): warning C4244: 'argument' : conversion from 'double' to 'GLfloat', possible loss of data
     1>c:\users\arroy_000\documents\visual studio 2013\projects\graficas computacionales\graficas computacionales\paint_glut\paint_driver.cpp(461): warning C4244: 'argument' : conversion from 'double' to 'GLfloat', possible loss of data
     1>c:\users\arroy_000\documents\visual studio 2013\projects\graficas computacionales\graficas computacionales\paint_glut\paint_driver.cpp(470): warning C4244: 'argument' : conversion from 'double' to 'GLfloat', possible loss of data
     1>c:\users\arroy_000\documents\visual studio 2013\projects\graficas computacionales\graficas computacionales\paint_glut\paint_driver.cpp(471): warning C4244: 'argument' : conversion from 'double' to 'GLfloat', possible loss of data
     1>c:\users\arroy_000\documents\visual studio 2013\projects\graficas computacionales\graficas computacionales\paint_glut\paint_driver.cpp(472): warning C4244: 'argument' : conversion from 'double' to 'GLfloat', possible loss of data
     1>c:\users\arroy_000\documents\visual studio 2013\projects\graficas computacionales\graficas computacionales\paint_glut\paint_driver.cpp(473): warning C4244: 'argument' : conversion from 'double' to 'GLfloat', possible loss of data
     1>c:\users\arroy_000\documents\visual studio 2013\projects\graficas computacionales\graficas computacionales\paint_glut\paint_driver.cpp(475): warning C4244: 'argument' : conversion from 'double' to 'GLfloat', possible loss of data
     1>c:\users\arroy_000\documents\visual studio 2013\projects\graficas computacionales\graficas computacionales\paint_glut\paint_driver.cpp(476): warning C4244: 'argument' : conversion from 'double' to 'GLfloat', possible loss of data
     1>c:\users\arroy_000\documents\visual studio 2013\projects\graficas computacionales\graficas computacionales\paint_glut\paint_driver.cpp(477): warning C4244: 'argument' : conversion from 'double' to 'GLfloat', possible loss of data
     1>c:\users\arroy_000\documents\visual studio 2013\projects\graficas computacionales\graficas computacionales\paint_glut\paint_driver.cpp(487): warning C4244: 'argument' : conversion from 'double' to 'GLfloat', possible loss of data
     1>c:\users\arroy_000\documents\visual studio 2013\projects\graficas computacionales\graficas computacionales\paint_glut\paint_driver.cpp(488): warning C4244: 'argument' : conversion from 'double' to 'GLfloat', possible loss of data
     1>c:\users\arroy_000\documents\visual studio 2013\projects\graficas computacionales\graficas computacionales\paint_glut\paint_driver.cpp(489): warning C4244: 'argument' : conversion from 'double' to 'GLfloat', possible loss of data
     1>c:\users\arroy_000\documents\visual studio 2013\projects\graficas computacionales\graficas computacionales\paint_glut\paint_driver.cpp(490): warning C4244: 'argument' : conversion from 'double' to 'GLfloat', possible loss of data
     1>c:\users\arroy_000\documents\visual studio 2013\projects\graficas computacionales\graficas computacionales\paint_glut\paint_driver.cpp(492): warning C4244: 'argument' : conversion from 'double' to 'GLfloat', possible loss of data
     1>c:\users\arroy_000\documents\visual studio 2013\projects\graficas computacionales\graficas computacionales\paint_glut\paint_driver.cpp(493): warning C4244: 'argument' : conversion from 'double' to 'GLfloat', possible loss of data
     1>c:\users\arroy_000\documents\visual studio 2013\projects\graficas computacionales\graficas computacionales\paint_glut\paint_driver.cpp(494): warning C4244: 'argument' : conversion from 'double' to 'GLfloat', possible loss of data
     1>c:\users\arroy_000\documents\visual studio 2013\projects\graficas computacionales\graficas computacionales\paint_glut\paint_driver.cpp(504): warning C4244: 'argument' : conversion from 'double' to 'GLfloat', possible loss of data
     1>c:\users\arroy_000\documents\visual studio 2013\projects\graficas computacionales\graficas computacionales\paint_glut\paint_driver.cpp(505): warning C4244: 'argument' : conversion from 'double' to 'GLfloat', possible loss of data
     1>c:\users\arroy_000\documents\visual studio 2013\projects\graficas computacionales\graficas computacionales\paint_glut\paint_driver.cpp(506): warning C4244: 'argument' : conversion from 'double' to 'GLfloat', possible loss of data
     1>c:\users\arroy_000\documents\visual studio 2013\projects\graficas computacionales\graficas computacionales\paint_glut\paint_driver.cpp(507): warning C4244: 'argument' : conversion from 'double' to 'GLfloat', possible loss of data
     1>c:\users\arroy_000\documents\visual studio 2013\projects\graficas computacionales\graficas computacionales\paint_glut\paint_driver.cpp(509): warning C4244: 'argument' : conversion from 'double' to 'GLfloat', possible loss of data
     1>c:\users\arroy_000\documents\visual studio 2013\projects\graficas computacionales\graficas computacionales\paint_glut\paint_driver.cpp(510): warning C4244: 'argument' : conversion from 'double' to 'GLfloat', possible loss of data
     1>c:\users\arroy_000\documents\visual studio 2013\projects\graficas computacionales\graficas computacionales\paint_glut\paint_driver.cpp(511): warning C4244: 'argument' : conversion from 'double' to 'GLfloat', possible loss of data
     1>c:\users\arroy_000\documents\visual studio 2013\projects\graficas computacionales\graficas computacionales\paint_glut\paint_driver.cpp(521): warning C4244: 'argument' : conversion from 'double' to 'GLfloat', possible loss of data
     1>c:\users\arroy_000\documents\visual studio 2013\projects\graficas computacionales\graficas computacionales\paint_glut\paint_driver.cpp(522): warning C4244: 'argument' : conversion from 'double' to 'GLfloat', possible loss of data
     1>c:\users\arroy_000\documents\visual studio 2013\projects\graficas computacionales\graficas computacionales\paint_glut\paint_driver.cpp(523): warning C4244: 'argument' : conversion from 'double' to 'GLfloat', possible loss of data
     1>c:\users\arroy_000\documents\visual studio 2013\projects\graficas computacionales\graficas computacionales\paint_glut\paint_driver.cpp(524): warning C4244: 'argument' : conversion from 'double' to 'GLfloat', possible loss of data
     1>c:\users\arroy_000\documents\visual studio 2013\projects\graficas computacionales\graficas computacionales\paint_glut\paint_driver.cpp(526): warning C4244: 'argument' : conversion from 'double' to 'GLfloat', possible loss of data
     1>c:\users\arroy_000\documents\visual studio 2013\projects\graficas computacionales\graficas computacionales\paint_glut\paint_driver.cpp(527): warning C4244: 'argument' : conversion from 'double' to 'GLfloat', possible loss of data
     1>c:\users\arroy_000\documents\visual studio 2013\projects\graficas computacionales\graficas computacionales\paint_glut\paint_driver.cpp(528): warning C4244: 'argument' : conversion from 'double' to 'GLfloat', possible loss of data
     1>c:\users\arroy_000\documents\visual studio 2013\projects\graficas computacionales\graficas computacionales\paint_glut\paint_driver.cpp(538): warning C4244: 'argument' : conversion from 'double' to 'GLfloat', possible loss of data
     1>c:\users\arroy_000\documents\visual studio 2013\projects\graficas computacionales\graficas computacionales\paint_glut\paint_driver.cpp(539): warning C4244: 'argument' : conversion from 'double' to 'GLfloat', possible loss of data
     1>c:\users\arroy_000\documents\visual studio 2013\projects\graficas computacionales\graficas computacionales\paint_glut\paint_driver.cpp(540): warning C4244: 'argument' : conversion from 'double' to 'GLfloat', possible loss of data
     1>c:\users\arroy_000\documents\visual studio 2013\projects\graficas computacionales\graficas computacionales\paint_glut\paint_driver.cpp(541): warning C4244: 'argument' : conversion from 'double' to 'GLfloat', possible loss of data
     1>c:\users\arroy_000\documents\visual studio 2013\projects\graficas computacionales\graficas computacionales\paint_glut\paint_driver.cpp(543): warning C4244: 'argument' : conversion from 'double' to 'GLfloat', possible loss of data
     1>c:\users\arroy_000\documents\visual studio 2013\projects\graficas computacionales\graficas computacionales\paint_glut\paint_driver.cpp(544): warning C4244: 'argument' : conversion from 'double' to 'GLfloat', possible loss of data
     1>c:\users\arroy_000\documents\visual studio 2013\projects\graficas computacionales\graficas computacionales\paint_glut\paint_driver.cpp(545): warning C4244: 'argument' : conversion from 'double' to 'GLfloat', possible loss of data
     1>c:\users\arroy_000\documents\visual studio 2013\projects\graficas computacionales\graficas computacionales\paint_glut\paint_driver.cpp(564): warning C4244: 'argument' : conversion from 'double' to 'GLfloat', possible loss of data
     1>c:\users\arroy_000\documents\visual studio 2013\projects\graficas computacionales\graficas computacionales\paint_glut\paint_driver.cpp(565): warning C4244: 'argument' : conversion from 'double' to 'GLfloat', possible loss of data
     1>c:\users\arroy_000\documents\visual studio 2013\projects\graficas computacionales\graficas computacionales\paint_glut\paint_driver.cpp(566): warning C4244: 'argument' : conversion from 'double' to 'GLfloat', possible loss of data
     1>c:\users\arroy_000\documents\visual studio 2013\projects\graficas computacionales\graficas computacionales\paint_glut\paint_driver.cpp(567): warning C4244: 'argument' : conversion from 'double' to 'GLfloat', possible loss of data
     1>c:\users\arroy_000\documents\visual studio 2013\projects\graficas computacionales\graficas computacionales\paint_glut\paint_driver.cpp(569): warning C4244: 'argument' : conversion from 'double' to 'GLfloat', possible loss of data
     1>c:\users\arroy_000\documents\visual studio 2013\projects\graficas computacionales\graficas computacionales\paint_glut\paint_driver.cpp(570): warning C4244: 'argument' : conversion from 'double' to 'GLfloat', possible loss of data
     1>c:\users\arroy_000\documents\visual studio 2013\projects\graficas computacionales\graficas computacionales\paint_glut\paint_driver.cpp(571): warning C4244: 'argument' : conversion from 'double' to 'GLfloat', possible loss of data
     1>c:\users\arroy_000\documents\visual studio 2013\projects\graficas computacionales\graficas computacionales\paint_glut\paint_driver.cpp(581): warning C4244: 'argument' : conversion from 'double' to 'GLfloat', possible loss of data
     1>c:\users\arroy_000\documents\visual studio 2013\projects\graficas computacionales\graficas computacionales\paint_glut\paint_driver.cpp(582): warning C4244: 'argument' : conversion from 'double' to 'GLfloat', possible loss of data
     1>c:\users\arroy_000\documents\visual studio 2013\projects\graficas computacionales\graficas computacionales\paint_glut\paint_driver.cpp(583): warning C4244: 'argument' : conversion from 'double' to 'GLfloat', possible loss of data
     1>c:\users\arroy_000\documents\visual studio 2013\projects\graficas computacionales\graficas computacionales\paint_glut\paint_driver.cpp(584): warning C4244: 'argument' : conversion from 'double' to 'GLfloat', possible loss of data
     1>c:\users\arroy_000\documents\visual studio 2013\projects\graficas computacionales\graficas computacionales\paint_glut\paint_driver.cpp(586): warning C4244: 'argument' : conversion from 'double' to 'GLfloat', possible loss of data
     1>c:\users\arroy_000\documents\visual studio 2013\projects\graficas computacionales\graficas computacionales\paint_glut\paint_driver.cpp(587): warning C4244: 'argument' : conversion from 'double' to 'GLfloat', possible loss of data
     1>c:\users\arroy_000\documents\visual studio 2013\projects\graficas computacionales\graficas computacionales\paint_glut\paint_driver.cpp(588): warning C4244: 'argument' : conversion from 'double' to 'GLfloat', possible loss of data
     1>c:\users\arroy_000\documents\visual studio 2013\projects\graficas computacionales\graficas computacionales\paint_glut\paint_driver.cpp(638): warning C4244: 'argument' : conversion from 'double' to 'GLfloat', possible loss of data
     1>c:\users\arroy_000\documents\visual studio 2013\projects\graficas computacionales\graficas computacionales\paint_glut\paint_driver.cpp(639): warning C4244: 'argument' : conversion from 'double' to 'GLfloat', possible loss of data
     1>c:\users\arroy_000\documents\visual studio 2013\projects\graficas computacionales\graficas computacionales\paint_glut\paint_driver.cpp(640): warning C4244: 'argument' : conversion from 'double' to 'GLfloat', possible loss of data
     1>c:\users\arroy_000\documents\visual studio 2013\projects\graficas computacionales\graficas computacionales\paint_glut\paint_driver.cpp(641): warning C4244: 'argument' : conversion from 'double' to 'GLfloat', possible loss of data
     1>c:\users\arroy_000\documents\visual studio 2013\projects\graficas computacionales\graficas computacionales\paint_glut\paint_driver.cpp(643): warning C4244: 'argument' : conversion from 'double' to 'GLfloat', possible loss of data
     1>c:\users\arroy_000\documents\visual studio 2013\projects\graficas computacionales\graficas computacionales\paint_glut\paint_driver.cpp(644): warning C4244: 'argument' : conversion from 'double' to 'GLfloat', possible loss of data
     1>c:\users\arroy_000\documents\visual studio 2013\projects\graficas computacionales\graficas computacionales\paint_glut\paint_driver.cpp(645): warning C4244: 'argument' : conversion from 'double' to 'GLfloat', possible loss of data
     1>c:\users\arroy_000\documents\visual studio 2013\projects\graficas computacionales\graficas computacionales\paint_glut\paint_driver.cpp(658): warning C4244: 'argument' : conversion from 'double' to 'GLfloat', possible loss of data
     1>c:\users\arroy_000\documents\visual studio 2013\projects\graficas computacionales\graficas computacionales\paint_glut\paint_driver.cpp(659): warning C4244: 'argument' : conversion from 'double' to 'GLfloat', possible loss of data
     1>c:\users\arroy_000\documents\visual studio 2013\projects\graficas computacionales\graficas computacionales\paint_glut\paint_driver.cpp(660): warning C4244: 'argument' : conversion from 'double' to 'GLfloat', possible loss of data
     1>c:\users\arroy_000\documents\visual studio 2013\projects\graficas computacionales\graficas computacionales\paint_glut\paint_driver.cpp(661): warning C4244: 'argument' : conversion from 'double' to 'GLfloat', possible loss of data
     1>c:\users\arroy_000\documents\visual studio 2013\projects\graficas computacionales\graficas computacionales\paint_glut\paint_driver.cpp(663): warning C4244: 'argument' : conversion from 'double' to 'GLfloat', possible loss of data
     1>c:\users\arroy_000\documents\visual studio 2013\projects\graficas computacionales\graficas computacionales\paint_glut\paint_driver.cpp(664): warning C4244: 'argument' : conversion from 'double' to 'GLfloat', possible loss of data
     1>c:\users\arroy_000\documents\visual studio 2013\projects\graficas computacionales\graficas computacionales\paint_glut\paint_driver.cpp(665): warning C4244: 'argument' : conversion from 'double' to 'GLfloat', possible loss of data
     1>c:\users\arroy_000\documents\visual studio 2013\projects\graficas computacionales\graficas computacionales\paint_glut\paint_driver.cpp(715): warning C4244: 'argument' : conversion from 'double' to 'GLfloat', possible loss of data
     1>c:\users\arroy_000\documents\visual studio 2013\projects\graficas computacionales\graficas computacionales\paint_glut\paint_driver.cpp(716): warning C4244: 'argument' : conversion from 'double' to 'GLfloat', possible loss of data
     1>c:\users\arroy_000\documents\visual studio 2013\projects\graficas computacionales\graficas computacionales\paint_glut\paint_driver.cpp(717): warning C4244: 'argument' : conversion from 'double' to 'GLfloat', possible loss of data
     1>c:\users\arroy_000\documents\visual studio 2013\projects\graficas computacionales\graficas computacionales\paint_glut\paint_driver.cpp(718): warning C4244: 'argument' : conversion from 'double' to 'GLfloat', possible loss of data
     1>c:\users\arroy_000\documents\visual studio 2013\projects\graficas computacionales\graficas computacionales\paint_glut\paint_driver.cpp(720): warning C4244: 'argument' : conversion from 'double' to 'GLfloat', possible loss of data
     1>c:\users\arroy_000\documents\visual studio 2013\projects\graficas computacionales\graficas computacionales\paint_glut\paint_driver.cpp(721): warning C4244: 'argument' : conversion from 'double' to 'GLfloat', possible loss of data
     1>c:\users\arroy_000\documents\visual studio 2013\projects\graficas computacionales\graficas computacionales\paint_glut\paint_driver.cpp(722): warning C4244: 'argument' : conversion from 'double' to 'GLfloat', possible loss of data
     1>c:\users\arroy_000\documents\visual studio 2013\projects\graficas computacionales\graficas computacionales\paint_glut\paint_driver.cpp(735): warning C4244: 'argument' : conversion from 'double' to 'GLfloat', possible loss of data
     1>c:\users\arroy_000\documents\visual studio 2013\projects\graficas computacionales\graficas computacionales\paint_glut\paint_driver.cpp(736): warning C4244: 'argument' : conversion from 'double' to 'GLfloat', possible loss of data
     1>c:\users\arroy_000\documents\visual studio 2013\projects\graficas computacionales\graficas computacionales\paint_glut\paint_driver.cpp(737): warning C4244: 'argument' : conversion from 'double' to 'GLfloat', possible loss of data
     1>c:\users\arroy_000\documents\visual studio 2013\projects\graficas computacionales\graficas computacionales\paint_glut\paint_driver.cpp(738): warning C4244: 'argument' : conversion from 'double' to 'GLfloat', possible loss of data
     1>c:\users\arroy_000\documents\visual studio 2013\projects\graficas computacionales\graficas computacionales\paint_glut\paint_driver.cpp(740): warning C4244: 'argument' : conversion from 'double' to 'GLfloat', possible loss of data
     1>c:\users\arroy_000\documents\visual studio 2013\projects\graficas computacionales\graficas computacionales\paint_glut\paint_driver.cpp(741): warning C4244: 'argument' : conversion from 'double' to 'GLfloat', possible loss of data
     1>c:\users\arroy_000\documents\visual studio 2013\projects\graficas computacionales\graficas computacionales\paint_glut\paint_driver.cpp(742): warning C4244: 'argument' : conversion from 'double' to 'GLfloat', possible loss of data
     1>c:\users\arroy_000\documents\visual studio 2013\projects\graficas computacionales\graficas computacionales\paint_glut\paint_driver.cpp(766): warning C4244: 'argument' : conversion from 'double' to 'GLfloat', possible loss of data
     1>c:\users\arroy_000\documents\visual studio 2013\projects\graficas computacionales\graficas computacionales\paint_glut\paint_driver.cpp(767): warning C4244: 'argument' : conversion from 'double' to 'GLfloat', possible loss of data
     1>c:\users\arroy_000\documents\visual studio 2013\projects\graficas computacionales\graficas computacionales\paint_glut\paint_driver.cpp(768): warning C4244: 'argument' : conversion from 'double' to 'GLfloat', possible loss of data
     1>c:\users\arroy_000\documents\visual studio 2013\projects\graficas computacionales\graficas computacionales\paint_glut\paint_driver.cpp(769): warning C4244: 'argument' : conversion from 'double' to 'GLfloat', possible loss of data
     1>c:\users\arroy_000\documents\visual studio 2013\projects\graficas computacionales\graficas computacionales\paint_glut\paint_driver.cpp(771): warning C4244: 'argument' : conversion from 'double' to 'GLfloat', possible loss of data
     1>c:\users\arroy_000\documents\visual studio 2013\projects\graficas computacionales\graficas computacionales\paint_glut\paint_driver.cpp(772): warning C4244: 'argument' : conversion from 'double' to 'GLfloat', possible loss of data
     1>c:\users\arroy_000\documents\visual studio 2013\projects\graficas computacionales\graficas computacionales\paint_glut\paint_driver.cpp(773): warning C4244: 'argument' : conversion from 'double' to 'GLfloat', possible loss of data
     1>c:\users\arroy_000\documents\visual studio 2013\projects\graficas computacionales\graficas computacionales\paint_glut\paint_driver.cpp(785): warning C4244: 'argument' : conversion from 'double' to 'GLfloat', possible loss of data
     1>c:\users\arroy_000\documents\visual studio 2013\projects\graficas computacionales\graficas computacionales\paint_glut\paint_driver.cpp(786): warning C4244: 'argument' : conversion from 'double' to 'GLfloat', possible loss of data
     1>c:\users\arroy_000\documents\visual studio 2013\projects\graficas computacionales\graficas computacionales\paint_glut\paint_driver.cpp(787): warning C4244: 'argument' : conversion from 'double' to 'GLfloat', possible loss of data
     1>c:\users\arroy_000\documents\visual studio 2013\projects\graficas computacionales\graficas computacionales\paint_glut\paint_driver.cpp(788): warning C4244: 'argument' : conversion from 'double' to 'GLfloat', possible loss of data
     1>c:\users\arroy_000\documents\visual studio 2013\projects\graficas computacionales\graficas computacionales\paint_glut\paint_driver.cpp(790): warning C4244: 'argument' : conversion from 'double' to 'GLfloat', possible loss of data
     1>c:\users\arroy_000\documents\visual studio 2013\projects\graficas computacionales\graficas computacionales\paint_glut\paint_driver.cpp(791): warning C4244: 'argument' : conversion from 'double' to 'GLfloat', possible loss of data
     1>c:\users\arroy_000\documents\visual studio 2013\projects\graficas computacionales\graficas computacionales\paint_glut\paint_driver.cpp(792): warning C4244: 'argument' : conversion from 'double' to 'GLfloat', possible loss of data
     1>c:\users\arroy_000\documents\visual studio 2013\projects\graficas computacionales\graficas computacionales\paint_glut\paint_driver.cpp(821): warning C4244: 'argument' : conversion from 'double' to 'GLfloat', possible loss of data
     1>c:\users\arroy_000\documents\visual studio 2013\projects\graficas computacionales\graficas computacionales\paint_glut\paint_driver.cpp(822): warning C4244: 'argument' : conversion from 'double' to 'GLfloat', possible loss of data
     1>c:\users\arroy_000\documents\visual studio 2013\projects\graficas computacionales\graficas computacionales\paint_glut\paint_driver.cpp(823): warning C4244: 'argument' : conversion from 'double' to 'GLfloat', possible loss of data
     1>c:\users\arroy_000\documents\visual studio 2013\projects\graficas computacionales\graficas computacionales\paint_glut\paint_driver.cpp(824): warning C4244: 'argument' : conversion from 'double' to 'GLfloat', possible loss of data
     1>c:\users\arroy_000\documents\visual studio 2013\projects\graficas computacionales\graficas computacionales\paint_glut\paint_driver.cpp(826): warning C4244: 'argument' : conversion from 'double' to 'GLfloat', possible loss of data
     1>c:\users\arroy_000\documents\visual studio 2013\projects\graficas computacionales\graficas computacionales\paint_glut\paint_driver.cpp(827): warning C4244: 'argument' : conversion from 'double' to 'GLfloat', possible loss of data
     1>c:\users\arroy_000\documents\visual studio 2013\projects\graficas computacionales\graficas computacionales\paint_glut\paint_driver.cpp(828): warning C4244: 'argument' : conversion from 'double' to 'GLfloat', possible loss of data
     1>c:\users\arroy_000\documents\visual studio 2013\projects\graficas computacionales\graficas computacionales\paint_glut\paint_driver.cpp(839): warning C4244: 'argument' : conversion from 'double' to 'GLfloat', possible loss of data
     1>c:\users\arroy_000\documents\visual studio 2013\projects\graficas computacionales\graficas computacionales\paint_glut\paint_driver.cpp(840): warning C4244: 'argument' : conversion from 'double' to 'GLfloat', possible loss of data
     1>c:\users\arroy_000\documents\visual studio 2013\projects\graficas computacionales\graficas computacionales\paint_glut\paint_driver.cpp(841): warning C4244: 'argument' : conversion from 'double' to 'GLfloat', possible loss of data
     1>c:\users\arroy_000\documents\visual studio 2013\projects\graficas computacionales\graficas computacionales\paint_glut\paint_driver.cpp(842): warning C4244: 'argument' : conversion from 'double' to 'GLfloat', possible loss of data
     1>c:\users\arroy_000\documents\visual studio 2013\projects\graficas computacionales\graficas computacionales\paint_glut\paint_driver.cpp(844): warning C4244: 'argument' : conversion from 'double' to 'GLfloat', possible loss of data
     1>c:\users\arroy_000\documents\visual studio 2013\projects\graficas computacionales\graficas computacionales\paint_glut\paint_driver.cpp(845): warning C4244: 'argument' : conversion from 'double' to 'GLfloat', possible loss of data
     1>c:\users\arroy_000\documents\visual studio 2013\projects\graficas computacionales\graficas computacionales\paint_glut\paint_driver.cpp(846): warning C4244: 'argument' : conversion from 'double' to 'GLfloat', possible loss of data
     1>c:\users\arroy_000\documents\visual studio 2013\projects\graficas computacionales\graficas computacionales\paint_glut\paint_driver.cpp(874): warning C4244: 'argument' : conversion from 'double' to 'GLfloat', possible loss of data
     1>c:\users\arroy_000\documents\visual studio 2013\projects\graficas computacionales\graficas computacionales\paint_glut\paint_driver.cpp(875): warning C4244: 'argument' : conversion from 'double' to 'GLfloat', possible loss of data
     1>c:\users\arroy_000\documents\visual studio 2013\projects\graficas computacionales\graficas computacionales\paint_glut\paint_driver.cpp(876): warning C4244: 'argument' : conversion from 'double' to 'GLfloat', possible loss of data
     1>c:\users\arroy_000\documents\visual studio 2013\projects\graficas computacionales\graficas computacionales\paint_glut\paint_driver.cpp(877): warning C4244: 'argument' : conversion from 'double' to 'GLfloat', possible loss of data
     1>c:\users\arroy_000\documents\visual studio 2013\projects\graficas computacionales\graficas computacionales\paint_glut\paint_driver.cpp(879): warning C4244: 'argument' : conversion from 'double' to 'GLfloat', possible loss of data
     1>c:\users\arroy_000\documents\visual studio 2013\projects\graficas computacionales\graficas computacionales\paint_glut\paint_driver.cpp(880): warning C4244: 'argument' : conversion from 'double' to 'GLfloat', possible loss of data
     1>c:\users\arroy_000\documents\visual studio 2013\projects\graficas computacionales\graficas computacionales\paint_glut\paint_driver.cpp(881): warning C4244: 'argument' : conversion from 'double' to 'GLfloat', possible loss of data
     1>c:\users\arroy_000\documents\visual studio 2013\projects\graficas computacionales\graficas computacionales\paint_glut\paint_driver.cpp(894): warning C4244: 'argument' : conversion from 'double' to 'GLfloat', possible loss of data
     1>c:\users\arroy_000\documents\visual studio 2013\projects\graficas computacionales\graficas computacionales\paint_glut\paint_driver.cpp(895): warning C4244: 'argument' : conversion from 'double' to 'GLfloat', possible loss of data
     1>c:\users\arroy_000\documents\visual studio 2013\projects\graficas computacionales\graficas computacionales\paint_glut\paint_driver.cpp(896): warning C4244: 'argument' : conversion from 'double' to 'GLfloat', possible loss of data
     1>c:\users\arroy_000\documents\visual studio 2013\projects\graficas computacionales\graficas computacionales\paint_glut\paint_driver.cpp(897): warning C4244: 'argument' : conversion from 'double' to 'GLfloat', possible loss of data
     1>c:\users\arroy_000\documents\visual studio 2013\projects\graficas computacionales\graficas computacionales\paint_glut\paint_driver.cpp(899): warning C4244: 'argument' : conversion from 'double' to 'GLfloat', possible loss of data
     1>c:\users\arroy_000\documents\visual studio 2013\projects\graficas computacionales\graficas computacionales\paint_glut\paint_driver.cpp(900): warning C4244: 'argument' : conversion from 'double' to 'GLfloat', possible loss of data
     1>c:\users\arroy_000\documents\visual studio 2013\projects\graficas computacionales\graficas computacionales\paint_glut\paint_driver.cpp(901): warning C4244: 'argument' : conversion from 'double' to 'GLfloat', possible loss of data
     1>c:\users\arroy_000\documents\visual studio 2013\projects\graficas computacionales\graficas computacionales\paint_glut\paint_driver.cpp(943): warning C4244: 'argument' : conversion from 'double' to 'GLfloat', possible loss of data
     1>c:\users\arroy_000\documents\visual studio 2013\projects\graficas computacionales\graficas computacionales\paint_glut\paint_driver.cpp(944): warning C4244: 'argument' : conversion from 'double' to 'GLfloat', possible loss of data
     1>c:\users\arroy_000\documents\visual studio 2013\projects\graficas computacionales\graficas computacionales\paint_glut\paint_driver.cpp(945): warning C4244: 'argument' : conversion from 'double' to 'GLfloat', possible loss of data
     1>c:\users\arroy_000\documents\visual studio 2013\projects\graficas computacionales\graficas computacionales\paint_glut\paint_driver.cpp(946): warning C4244: 'argument' : conversion from 'double' to 'GLfloat', possible loss of data
     1>c:\users\arroy_000\documents\visual studio 2013\projects\graficas computacionales\graficas computacionales\paint_glut\paint_driver.cpp(948): warning C4244: 'argument' : conversion from 'double' to 'GLfloat', possible loss of data
     1>c:\users\arroy_000\documents\visual studio 2013\projects\graficas computacionales\graficas computacionales\paint_glut\paint_driver.cpp(949): warning C4244: 'argument' : conversion from 'double' to 'GLfloat', possible loss of data
     1>c:\users\arroy_000\documents\visual studio 2013\projects\graficas computacionales\graficas computacionales\paint_glut\paint_driver.cpp(950): warning C4244: 'argument' : conversion from 'double' to 'GLfloat', possible loss of data
     1>c:\users\arroy_000\documents\visual studio 2013\projects\graficas computacionales\graficas computacionales\paint_glut\paint_driver.cpp(992): warning C4244: '=' : conversion from 'double' to 'int', possible loss of data
     1>c:\users\arroy_000\documents\visual studio 2013\projects\graficas computacionales\graficas computacionales\paint_glut\paint_driver.cpp(993): warning C4244: '=' : conversion from 'double' to 'int', possible loss of data
     1>c:\users\arroy_000\documents\visual studio 2013\projects\graficas computacionales\graficas computacionales\paint_glut\paint_driver.cpp(998): warning C4244: '=' : conversion from 'double' to 'int', possible loss of data
     1>c:\users\arroy_000\documents\visual studio 2013\projects\graficas computacionales\graficas computacionales\paint_glut\paint_driver.cpp(999): warning C4244: '=' : conversion from 'double' to 'int', possible loss of data
     1>c:\users\arroy_000\documents\visual studio 2013\projects\graficas computacionales\graficas computacionales\paint_glut\paint_driver.cpp(1011): warning C4244: '=' : conversion from 'double' to 'int', possible loss of data
     1>c:\users\arroy_000\documents\visual studio 2013\projects\graficas computacionales\graficas computacionales\paint_glut\paint_driver.cpp(1015): warning C4244: '=' : conversion from 'double' to 'int', possible loss of data
     1>c:\users\arroy_000\documents\visual studio 2013\projects\graficas computacionales\graficas computacionales\paint_glut\paint_driver.cpp(1019): warning C4244: '=' : conversion from 'double' to 'int', possible loss of data
     1>c:\users\arroy_000\documents\visual studio 2013\projects\graficas computacionales\graficas computacionales\paint_glut\paint_driver.cpp(1023): warning C4244: '=' : conversion from 'double' to 'int', possible loss of data
     1>c:\users\arroy_000\documents\visual studio 2013\projects\graficas computacionales\graficas computacionales\paint_glut\paint_driver.cpp(1115): warning C4244: 'initializing' : conversion from 'double' to 'int', possible loss of data
       Link:
         C:\Program Files (x86)\Microsoft Visual Studio 12.0\VC\bin\link.exe /ERRORREPORT:PROMPT /OUT:"C:\Users\arroy_000\Documents\Visual Studio 2013\Projects\Graficas Computacionales\Graficas Computacionales\Debug\Paint_Glut.exe" /INCREMENTAL /NOLOGO /LIBPATH:"C:\Windows\glew\glew-1.11.0\lib\Release\Win32" /LIBPATH:C:\Windows\freeglut\freeglut\lib glew32.lib freeglut.lib kernel32.lib user32.lib gdi32.lib winspool.lib comdlg32.lib advapi32.lib shell32.lib ole32.lib oleaut32.lib uuid.lib odbc32.lib odbccp32.lib /MANIFEST /MANIFESTUAC:"level='asInvoker' uiAccess='false'" /manifest:embed /DEBUG /PDB:"C:\Users\arroy_000\Documents\Visual Studio 2013\Projects\Graficas Computacionales\Graficas Computacionales\Debug\Paint_Glut.pdb" /SUBSYSTEM:CONSOLE /TLBID:1 /DYNAMICBASE /NXCOMPAT /IMPLIB:"C:\Users\arroy_000\Documents\Visual Studio 2013\Projects\Graficas Computacionales\Graficas Computacionales\Debug\Paint_Glut.lib" /MACHINE:X86 Debug\paint_driver.obj
         Paint_Glut.vcxproj -> C:\Users\arroy_000\Documents\Visual Studio 2013\Projects\Graficas Computacionales\Graficas Computacionales\Debug\Paint_Glut.exe
     1>Done Building Project "C:\Users\arroy_000\Documents\Visual Studio 2013\Projects\Graficas Computacionales\Graficas Computacionales\Paint_Glut\Paint_Glut.vcxproj" (Build target(s)).

Build succeeded.

Time Elapsed 00:00:01.30
